2024-11-16 13:31:40 INFO  ClientHandler:93 - Клиент qweqwe успешно прошел аутентификацию.
2024-11-16 13:35:56 INFO  ClientHandler:93 - Клиент qweqwe успешно прошел аутентификацию.
2024-11-16 13:36:17 INFO  ClientHandler:93 - Клиент qweqwe успешно прошел аутентификацию.
2024-11-16 13:36:46 INFO  ClientHandler:93 - Клиент qweqwe успешно прошел аутентификацию.
2024-11-16 13:37:41 INFO  ClientHandler:489 - asdasdads
2024-11-16 13:37:41 INFO  ClientHandler:491 - Клиент отключен из-за неактивности.
2024-11-16 13:37:41 INFO  ClientHandler:492 - Вы были отключены за неактивность.
2024-11-16 13:44:41 INFO  Server:42 - Сервер запущен на порту: 8189.
2024-11-16 13:45:32 INFO  Server:42 - Сервер запущен на порту: 8189.
2024-11-16 13:45:34 INFO  ClientHandler:68 - Клиент подключился.
2024-11-16 13:45:43 INFO  ClientHandler:68 - Клиент подключился.
2024-11-16 13:45:48 INFO  ClientHandler:93 - Клиент asdasd успешно прошел аутентификацию.
2024-11-16 13:45:58 INFO  ClientHandler:93 - Клиент qweqwe успешно прошел аутентификацию.
2024-11-16 13:46:04 ERROR ClientHandler:171 - Socket closed
2024-11-16 13:49:27 INFO  Server:42 - Сервер запущен на порту: 8189.
2024-11-16 13:49:30 INFO  ClientHandler:68 - Клиент подключился.
2024-11-16 13:49:36 INFO  ClientHandler:93 - Клиент asdasd успешно прошел аутентификацию.
2024-11-16 13:49:39 INFO  ClientHandler:68 - Клиент подключился.
2024-11-16 13:49:44 INFO  ClientHandler:93 - Клиент qweqwe успешно прошел аутентификацию.
2024-11-16 13:49:49 ERROR ClientHandler:171 - [Ljava.lang.StackTraceElement;@40c49e85
2024-11-16 13:51:49 INFO  Server:42 - Сервер запущен на порту: 8189.
2024-11-16 13:51:54 INFO  ClientHandler:68 - Клиент подключился.
2024-11-16 13:51:58 INFO  ClientHandler:93 - Клиент asdasd успешно прошел аутентификацию.
2024-11-16 13:52:01 INFO  ClientHandler:68 - Клиент подключился.
2024-11-16 13:52:32 INFO  ClientHandler:93 - Клиент qweqwe успешно прошел аутентификацию.
2024-11-16 13:52:37 ERROR ClientHandler:171 - java.net.SocketException: Socket closed
2024-11-16 13:52:44 INFO  Server:42 - Сервер запущен на порту: 8189.
2024-11-16 13:56:37 INFO  Server:42 - Сервер запущен на порту: 8189.
2024-11-16 13:56:39 INFO  ClientHandler:68 - Клиент подключился.
2024-11-16 13:56:44 INFO  ClientHandler:93 - Клиент asdasd успешно прошел аутентификацию.
2024-11-16 13:56:47 INFO  ClientHandler:68 - Клиент подключился.
2024-11-16 13:56:52 INFO  ClientHandler:93 - Клиент qweqwe успешно прошел аутентификацию.
2024-11-16 13:56:58 ERROR ClientHandler:171 - java.net.SocketException: Socket closed
2024-11-16 14:00:10 INFO  Server:42 - Сервер запущен на порту: 8189.
2024-11-16 14:00:13 INFO  ClientHandler:68 - Клиент подключился.
2024-11-16 14:00:20 INFO  ClientHandler:93 - Клиент asdasd успешно прошел аутентификацию.
2024-11-16 14:00:23 INFO  ClientHandler:68 - Клиент подключился.
2024-11-16 14:00:28 INFO  ClientHandler:93 - Клиент qweqwe успешно прошел аутентификацию.
2024-11-16 14:00:32 ERROR ClientHandler:171 - Ошибка: {}
java.net.SocketException: Socket closed
	at java.base/sun.nio.ch.NioSocketImpl.endRead(NioSocketImpl.java:243) ~[?:?]
	at java.base/sun.nio.ch.NioSocketImpl.implRead(NioSocketImpl.java:323) ~[?:?]
	at java.base/sun.nio.ch.NioSocketImpl.read(NioSocketImpl.java:346) ~[?:?]
	at java.base/sun.nio.ch.NioSocketImpl$1.read(NioSocketImpl.java:796) ~[?:?]
	at java.base/java.net.Socket$SocketInputStream.implRead(Socket.java:1108) ~[?:?]
	at java.base/java.net.Socket$SocketInputStream.read(Socket.java:1095) ~[?:?]
	at java.base/java.io.DataInputStream.readFully(DataInputStream.java:208) ~[?:?]
	at java.base/java.io.DataInputStream.readUnsignedShort(DataInputStream.java:341) ~[?:?]
	at java.base/java.io.DataInputStream.readUTF(DataInputStream.java:575) ~[?:?]
	at java.base/java.io.DataInputStream.readUTF(DataInputStream.java:550) ~[?:?]
	at ru.otus.chat.server.ClientHandler.lambda$start$1(ClientHandler.java:100) ~[classes/:?]
	at java.base/java.lang.Thread.run(Thread.java:1570) [?:?]
2024-11-16 14:02:35 INFO  Server:42 - Сервер запущен на порту: 8189.
2024-11-16 14:04:08 INFO  Server:42 - Сервер запущен на порту: 8189.
2024-11-16 14:04:23 INFO  ClientHandler:68 - Клиент подключился.
2024-11-16 14:04:28 INFO  ClientHandler:93 - Клиент asdasd успешно прошел аутентификацию.
2024-11-16 14:04:32 INFO  ClientHandler:68 - Клиент подключился.
2024-11-16 14:04:37 INFO  ClientHandler:93 - Клиент qweqwe успешно прошел аутентификацию.
2024-11-16 14:08:29 INFO  ClientHandler:68 - Клиент подключился.
2024-11-16 14:25:23 INFO  ClientHandler:509 - Клиент отключен из-за неактивности.
2024-11-16 14:25:23 INFO  ClientHandler:510 - Вы были отключены за неактивность.
2024-11-16 14:25:23 ERROR ClientHandler:171 - Ошибка
java.net.SocketException: Socket closed
	at java.base/sun.nio.ch.NioSocketImpl.endRead(NioSocketImpl.java:243) ~[?:?]
	at java.base/sun.nio.ch.NioSocketImpl.implRead(NioSocketImpl.java:323) ~[?:?]
	at java.base/sun.nio.ch.NioSocketImpl.read(NioSocketImpl.java:346) ~[?:?]
	at java.base/sun.nio.ch.NioSocketImpl$1.read(NioSocketImpl.java:796) ~[?:?]
	at java.base/java.net.Socket$SocketInputStream.implRead(Socket.java:1108) ~[?:?]
	at java.base/java.net.Socket$SocketInputStream.read(Socket.java:1095) ~[?:?]
	at java.base/java.io.DataInputStream.readFully(DataInputStream.java:208) ~[?:?]
	at java.base/java.io.DataInputStream.readUnsignedShort(DataInputStream.java:341) ~[?:?]
	at java.base/java.io.DataInputStream.readUTF(DataInputStream.java:575) ~[?:?]
	at java.base/java.io.DataInputStream.readUTF(DataInputStream.java:550) ~[?:?]
	at ru.otus.chat.server.ClientHandler.lambda$start$1(ClientHandler.java:100) ~[classes/:?]
	at java.base/java.lang.Thread.run(Thread.java:1570) [?:?]
2024-11-19 21:26:34 INFO  Server:42 - Сервер запущен на порту: 8189.
